INFO  [2013-11-07 05:51:01,568] org.reflections.Reflections: Reflections took 131 ms to scan 1 urls, producing 2 keys and 4 values 
WARN  [2013-11-07 05:51:02,030] com.yammer.dropwizard.config.ServerFactory: 
!!!!!!!!!!!!!!!!!!!!!!!!!!!!!!!!!!!!!!!!!!!!!!!!!!!!!!!!!!!!!!!!!!!!!!!!!!!!!!!!
!!!!!!!!!!!!!!!!!!!!!!!!!!!!!!!!!!!!!!!!!!!!!!!!!!!!!!!!!!!!!!!!!!!!!!!!!!!!!!!!
!    THIS SERVICE HAS NO HEALTHCHECKS. THIS MEANS YOU WILL NEVER KNOW IF IT    !
!    DIES IN PRODUCTION, WHICH MEANS YOU WILL NEVER KNOW IF YOU'RE LETTING     !
!     YOUR USERS DOWN. YOU SHOULD ADD A HEALTHCHECK FOR EACH DEPENDENCY OF     !
!     YOUR SERVICE WHICH FULLY (BUT LIGHTLY) TESTS YOUR SERVICE'S ABILITY TO   !
!      USE THAT SERVICE. THINK OF IT AS A CONTINUOUS INTEGRATION TEST.         !
!!!!!!!!!!!!!!!!!!!!!!!!!!!!!!!!!!!!!!!!!!!!!!!!!!!!!!!!!!!!!!!!!!!!!!!!!!!!!!!!
!!!!!!!!!!!!!!!!!!!!!!!!!!!!!!!!!!!!!!!!!!!!!!!!!!!!!!!!!!!!!!!!!!!!!!!!!!!!!!!!
INFO  [2013-11-07 05:51:02,091] com.yammer.dropwizard.cli.ServerCommand: Starting procurement-service
INFO  [2013-11-07 05:51:02,093] org.eclipse.jetty.server.Server: jetty-8.y.z-SNAPSHOT
INFO  [2013-11-07 05:51:02,181] com.sun.jersey.server.impl.application.WebApplicationImpl: Initiating Jersey application, version 'Jersey: 1.17.1 02/28/2013 12:47 PM'
INFO  [2013-11-07 05:51:02,223] com.yammer.dropwizard.config.Environment: The following paths were found for the configured resources:

    GET     / (edu.sjsu.cmpe.procurement.api.resources.RootResource)

INFO  [2013-11-07 05:51:02,223] com.yammer.dropwizard.config.Environment: tasks = 

    POST    /tasks/gc (com.yammer.dropwizard.tasks.GarbageCollectionTask)

INFO  [2013-11-07 05:51:02,430] org.quartz.impl.StdSchedulerFactory: Using default implementation for ThreadExecutor
INFO  [2013-11-07 05:51:02,433] org.quartz.simpl.SimpleThreadPool: Job execution threads will use class loader of thread: main
INFO  [2013-11-07 05:51:02,444] org.quartz.core.SchedulerSignalerImpl: Initialized Scheduler Signaller of type: class org.quartz.core.SchedulerSignalerImpl
INFO  [2013-11-07 05:51:02,445] org.quartz.core.QuartzScheduler: Quartz Scheduler v.2.2.0 created.
INFO  [2013-11-07 05:51:02,446] org.quartz.simpl.RAMJobStore: RAMJobStore initialized.
INFO  [2013-11-07 05:51:02,447] org.quartz.core.QuartzScheduler: Scheduler meta-data: Quartz Scheduler (v2.2.0) 'DefaultQuartzScheduler' with instanceId 'NON_CLUSTERED'
  Scheduler class: 'org.quartz.core.QuartzScheduler' - running locally.
  NOT STARTED.
  Currently in standby mode.
  Number of jobs executed: 0
  Using thread pool 'org.quartz.simpl.SimpleThreadPool' - with 10 threads.
  Using job-store 'org.quartz.simpl.RAMJobStore' - which does not support persistence. and is not clustered.

INFO  [2013-11-07 05:51:02,447] org.quartz.impl.StdSchedulerFactory: Quartz scheduler 'DefaultQuartzScheduler' initialized from default resource file in Quartz package: 'quartz.properties'
INFO  [2013-11-07 05:51:02,447] org.quartz.impl.StdSchedulerFactory: Quartz scheduler version: 2.2.0
INFO  [2013-11-07 05:51:02,447] org.quartz.core.QuartzScheduler: Scheduler DefaultQuartzScheduler_$_NON_CLUSTERED started.
INFO  [2013-11-07 05:51:02,450] de.spinscale.dropwizard.jobs.JobManager: Jobs to run on application start: []
INFO  [2013-11-07 05:51:02,452] de.spinscale.dropwizard.jobs.JobManager: Jobs with @Every annotation: [class edu.sjsu.cmpe.procurement.jobs.ProcurementPublisherGetJob, class edu.sjsu.cmpe.procurement.jobs.ProcurementSchedulerJob]
INFO  [2013-11-07 05:51:02,463] de.spinscale.dropwizard.jobs.JobManager: Jobs with @On annotation: []
INFO  [2013-11-07 05:51:02,494] org.eclipse.jetty.server.AbstractConnector: Started InstrumentedBlockingChannelConnector@0.0.0.0:9090
INFO  [2013-11-07 05:51:02,499] org.eclipse.jetty.server.AbstractConnector: Started SocketConnector@0.0.0.0:9000
DEBUG [2013-11-07 05:53:38,049] edu.sjsu.cmpe.procurement.jobs.ProcurementSchedulerJob: Response from publisher: {"msg": "Your order was successfully submitted."}
DEBUG [2013-11-07 05:54:08,044] edu.sjsu.cmpe.procurement.jobs.ProcurementSchedulerJob: Response from publisher: {"msg": "Your order was successfully submitted."}
INFO  [2013-11-07 05:56:54,385] org.eclipse.jetty.server.Server: Graceful shutdown SocketConnector@0.0.0.0:9000
INFO  [2013-11-07 05:56:54,386] org.eclipse.jetty.server.Server: Graceful shutdown InstrumentedBlockingChannelConnector@0.0.0.0:9090
INFO  [2013-11-07 05:56:54,387] org.eclipse.jetty.server.Server: Graceful shutdown o.e.j.s.ServletContextHandler{/,null}
INFO  [2013-11-07 05:56:54,387] org.eclipse.jetty.server.Server: Graceful shutdown o.e.j.s.ServletContextHandler{/,null}
INFO  [2013-11-07 05:56:56,443] org.eclipse.jetty.server.handler.ContextHandler: stopped o.e.j.s.ServletContextHandler{/,null}
INFO  [2013-11-07 05:56:56,443] org.eclipse.jetty.server.handler.ContextHandler: stopped o.e.j.s.ServletContextHandler{/,null}
INFO  [2013-11-07 05:56:56,545] org.quartz.core.QuartzScheduler: Scheduler DefaultQuartzScheduler_$_NON_CLUSTERED shutting down.
INFO  [2013-11-07 05:56:56,545] org.quartz.core.QuartzScheduler: Scheduler DefaultQuartzScheduler_$_NON_CLUSTERED paused.
INFO  [2013-11-07 05:56:57,036] org.quartz.core.QuartzScheduler: Scheduler DefaultQuartzScheduler_$_NON_CLUSTERED shutdown complete.
INFO  [2013-11-07 06:00:21,830] org.reflections.Reflections: Reflections took 130 ms to scan 1 urls, producing 2 keys and 4 values 
WARN  [2013-11-07 06:00:22,271] com.yammer.dropwizard.config.ServerFactory: 
!!!!!!!!!!!!!!!!!!!!!!!!!!!!!!!!!!!!!!!!!!!!!!!!!!!!!!!!!!!!!!!!!!!!!!!!!!!!!!!!
!!!!!!!!!!!!!!!!!!!!!!!!!!!!!!!!!!!!!!!!!!!!!!!!!!!!!!!!!!!!!!!!!!!!!!!!!!!!!!!!
!    THIS SERVICE HAS NO HEALTHCHECKS. THIS MEANS YOU WILL NEVER KNOW IF IT    !
!    DIES IN PRODUCTION, WHICH MEANS YOU WILL NEVER KNOW IF YOU'RE LETTING     !
!     YOUR USERS DOWN. YOU SHOULD ADD A HEALTHCHECK FOR EACH DEPENDENCY OF     !
!     YOUR SERVICE WHICH FULLY (BUT LIGHTLY) TESTS YOUR SERVICE'S ABILITY TO   !
!      USE THAT SERVICE. THINK OF IT AS A CONTINUOUS INTEGRATION TEST.         !
!!!!!!!!!!!!!!!!!!!!!!!!!!!!!!!!!!!!!!!!!!!!!!!!!!!!!!!!!!!!!!!!!!!!!!!!!!!!!!!!
!!!!!!!!!!!!!!!!!!!!!!!!!!!!!!!!!!!!!!!!!!!!!!!!!!!!!!!!!!!!!!!!!!!!!!!!!!!!!!!!
INFO  [2013-11-07 06:00:22,320] com.yammer.dropwizard.cli.ServerCommand: Starting procurement-service
INFO  [2013-11-07 06:00:22,321] org.eclipse.jetty.server.Server: jetty-8.y.z-SNAPSHOT
INFO  [2013-11-07 06:00:22,391] com.sun.jersey.server.impl.application.WebApplicationImpl: Initiating Jersey application, version 'Jersey: 1.17.1 02/28/2013 12:47 PM'
INFO  [2013-11-07 06:00:22,425] com.yammer.dropwizard.config.Environment: The following paths were found for the configured resources:

    GET     / (edu.sjsu.cmpe.procurement.api.resources.RootResource)

INFO  [2013-11-07 06:00:22,426] com.yammer.dropwizard.config.Environment: tasks = 

    POST    /tasks/gc (com.yammer.dropwizard.tasks.GarbageCollectionTask)

INFO  [2013-11-07 06:00:22,571] org.quartz.impl.StdSchedulerFactory: Using default implementation for ThreadExecutor
INFO  [2013-11-07 06:00:22,576] org.quartz.simpl.SimpleThreadPool: Job execution threads will use class loader of thread: main
INFO  [2013-11-07 06:00:22,586] org.quartz.core.SchedulerSignalerImpl: Initialized Scheduler Signaller of type: class org.quartz.core.SchedulerSignalerImpl
INFO  [2013-11-07 06:00:22,587] org.quartz.core.QuartzScheduler: Quartz Scheduler v.2.2.0 created.
INFO  [2013-11-07 06:00:22,588] org.quartz.simpl.RAMJobStore: RAMJobStore initialized.
INFO  [2013-11-07 06:00:22,589] org.quartz.core.QuartzScheduler: Scheduler meta-data: Quartz Scheduler (v2.2.0) 'DefaultQuartzScheduler' with instanceId 'NON_CLUSTERED'
  Scheduler class: 'org.quartz.core.QuartzScheduler' - running locally.
  NOT STARTED.
  Currently in standby mode.
  Number of jobs executed: 0
  Using thread pool 'org.quartz.simpl.SimpleThreadPool' - with 10 threads.
  Using job-store 'org.quartz.simpl.RAMJobStore' - which does not support persistence. and is not clustered.

INFO  [2013-11-07 06:00:22,589] org.quartz.impl.StdSchedulerFactory: Quartz scheduler 'DefaultQuartzScheduler' initialized from default resource file in Quartz package: 'quartz.properties'
INFO  [2013-11-07 06:00:22,589] org.quartz.impl.StdSchedulerFactory: Quartz scheduler version: 2.2.0
INFO  [2013-11-07 06:00:22,589] org.quartz.core.QuartzScheduler: Scheduler DefaultQuartzScheduler_$_NON_CLUSTERED started.
INFO  [2013-11-07 06:00:22,592] de.spinscale.dropwizard.jobs.JobManager: Jobs to run on application start: []
INFO  [2013-11-07 06:00:22,595] de.spinscale.dropwizard.jobs.JobManager: Jobs with @Every annotation: [class edu.sjsu.cmpe.procurement.jobs.ProcurementSchedulerJob, class edu.sjsu.cmpe.procurement.jobs.ProcurementPublisherGetJob]
INFO  [2013-11-07 06:00:22,604] de.spinscale.dropwizard.jobs.JobManager: Jobs with @On annotation: []
INFO  [2013-11-07 06:00:22,629] org.eclipse.jetty.server.AbstractConnector: Started InstrumentedBlockingChannelConnector@0.0.0.0:9090
INFO  [2013-11-07 06:00:22,633] org.eclipse.jetty.server.AbstractConnector: Started SocketConnector@0.0.0.0:9000
DEBUG [2013-11-07 06:00:58,191] edu.sjsu.cmpe.procurement.jobs.ProcurementSchedulerJob: Response from publisher: {"msg": "Your order was successfully submitted."}
DEBUG [2013-11-07 06:01:58,273] edu.sjsu.cmpe.procurement.jobs.ProcurementSchedulerJob: Response from publisher: {"msg": "Your order was successfully submitted."}
DEBUG [2013-11-07 06:06:58,180] edu.sjsu.cmpe.procurement.jobs.ProcurementSchedulerJob: Response from publisher: {"msg": "Your order was successfully submitted."}
INFO  [2013-11-07 06:08:14,423] org.eclipse.jetty.server.Server: Graceful shutdown SocketConnector@0.0.0.0:9000
INFO  [2013-11-07 06:08:14,423] org.eclipse.jetty.server.Server: Graceful shutdown InstrumentedBlockingChannelConnector@0.0.0.0:9090
INFO  [2013-11-07 06:08:14,424] org.eclipse.jetty.server.Server: Graceful shutdown o.e.j.s.ServletContextHandler{/,null}
INFO  [2013-11-07 06:08:14,424] org.eclipse.jetty.server.Server: Graceful shutdown o.e.j.s.ServletContextHandler{/,null}
INFO  [2013-11-07 06:08:16,479] org.eclipse.jetty.server.handler.ContextHandler: stopped o.e.j.s.ServletContextHandler{/,null}
INFO  [2013-11-07 06:08:16,479] org.eclipse.jetty.server.handler.ContextHandler: stopped o.e.j.s.ServletContextHandler{/,null}
INFO  [2013-11-07 06:08:16,581] org.quartz.core.QuartzScheduler: Scheduler DefaultQuartzScheduler_$_NON_CLUSTERED shutting down.
INFO  [2013-11-07 06:08:16,581] org.quartz.core.QuartzScheduler: Scheduler DefaultQuartzScheduler_$_NON_CLUSTERED paused.
INFO  [2013-11-07 06:08:17,074] org.quartz.core.QuartzScheduler: Scheduler DefaultQuartzScheduler_$_NON_CLUSTERED shutdown complete.
